<?xml version="1.0" encoding="UTF-8"?>
<!-- Generated by org.testng.reporters.JUnitReportReporter -->
<testsuite hostname="LAPTOP-HCSTCB5O" failures="0" tests="13" name="MyRunner.TestRunner" time="166.305" errors="0" timestamp="2021-10-12T16:05:45 IST" skipped="0">
  <testcase classname="MyRunner.TestRunner" name="runScenario" time="12.900"/>
  <system-out/>
  <testcase classname="MyRunner.TestRunner" name="runScenario" time="13.983"/>
  <system-out/>
  <testcase classname="MyRunner.TestRunner" name="runScenario" time="14.653"/>
  <system-out/>
  <testcase classname="MyRunner.TestRunner" name="runScenario" time="7.741"/>
  <system-out/>
  <testcase classname="MyRunner.TestRunner" name="runScenario" time="32.406"/>
  <system-out/>
  <testcase classname="MyRunner.TestRunner" name="runScenario" time="7.513"/>
  <system-out/>
  <testcase classname="MyRunner.TestRunner" name="runScenario" time="8.171"/>
  <system-out/>
  <testcase classname="MyRunner.TestRunner" name="runScenario" time="10.625"/>
  <system-out/>
  <testcase classname="MyRunner.TestRunner" name="runScenario" time="12.662"/>
  <system-out/>
  <testcase classname="MyRunner.TestRunner" name="runScenario" time="7.828"/>
  <system-out/>
  <testcase classname="MyRunner.TestRunner" name="runScenario" time="7.617"/>
  <system-out/>
  <testcase classname="MyRunner.TestRunner" name="runScenario" time="14.036"/>
  <system-out/>
  <testcase classname="MyRunner.TestRunner" name="runScenario" time="16.170"/>
  <system-out/>
</testsuite> <!-- MyRunner.TestRunner -->
