<?xml version="1.0" encoding="UTF-8"?>
<!-- Generated by org.testng.reporters.JUnitReportReporter -->
<testsuite hostname="LAPTOP-HCSTCB5O" failures="0" tests="13" name="MyRunner.TestRunner" time="199.905" errors="0" timestamp="2021-10-12T17:42:12 IST" skipped="0">
  <testcase classname="MyRunner.TestRunner" name="runScenario" time="9.291"/>
  <system-out/>
  <testcase classname="MyRunner.TestRunner" name="runScenario" time="10.486"/>
  <system-out/>
  <testcase classname="MyRunner.TestRunner" name="runScenario" time="7.736"/>
  <system-out/>
  <testcase classname="MyRunner.TestRunner" name="runScenario" time="12.985"/>
  <system-out/>
  <testcase classname="MyRunner.TestRunner" name="runScenario" time="38.483"/>
  <system-out/>
  <testcase classname="MyRunner.TestRunner" name="runScenario" time="14.577"/>
  <system-out/>
  <testcase classname="MyRunner.TestRunner" name="runScenario" time="12.470"/>
  <system-out/>
  <testcase classname="MyRunner.TestRunner" name="runScenario" time="9.266"/>
  <system-out/>
  <testcase classname="MyRunner.TestRunner" name="runScenario" time="13.735"/>
  <system-out/>
  <testcase classname="MyRunner.TestRunner" name="runScenario" time="12.654"/>
  <system-out/>
  <testcase classname="MyRunner.TestRunner" name="runScenario" time="13.186"/>
  <system-out/>
  <testcase classname="MyRunner.TestRunner" name="runScenario" time="32.585"/>
  <system-out/>
  <testcase classname="MyRunner.TestRunner" name="runScenario" time="12.451"/>
  <system-out/>
</testsuite> <!-- MyRunner.TestRunner -->
